#
# There is insufficient memory for the Java Runtime Environment to continue.
# Native memory allocation (malloc) failed to allocate 1048576 bytes for AllocateHeap
# Possible reasons:
#   The system is out of physical RAM or swap space
#   In 32 bit mode, the process size limit was hit
# Possible solutions:
#   Reduce memory load on the system
#   Increase physical memory or swap space
#   Check if swap backing store is full
#   Use 64 bit Java on a 64 bit OS
#   Decrease Java heap size (-Xmx/-Xms)
#   Decrease number of Java threads
#   Decrease Java thread stack sizes (-Xss)
#   Set larger code cache with -XX:ReservedCodeCacheSize=
# This output file may be truncated or incomplete.
#
#  Out of Memory Error (memory/allocation.inline.hpp:61), pid=7300, tid=0x00000000000001c8
#
# JRE version:  (8.0_76-b01) (build )
# Java VM: OpenJDK 64-Bit Server VM (25.76-b01 mixed mode windows-amd64 compressed oops)
# Failed to write core dump. Minidumps are not enabled by default on client versions of Windows
#

---------------  T H R E A D  ---------------

Current thread (0x0000000002a30800):  JavaThread "Unknown thread" [_thread_in_vm, id=456, stack(0x0000000002930000,0x0000000002a30000)]

Stack: [0x0000000002930000,0x0000000002a30000]
[error occurred during error reporting (printing stack bounds), id 0xc0000005]

Native frames: (J=compiled Java code, j=interpreted, Vv=VM code, C=native code)


---------------  P R O C E S S  ---------------

Java Threads: ( => current thread )

Other Threads:

=>0x0000000002a30800 (exited) JavaThread "Unknown thread" [_thread_in_vm, id=456, stack(0x0000000002930000,0x0000000002a30000)]

VM state:not at safepoint (normal execution)

VM Mutex/Monitor currently owned by a thread: None

Heap:
 PSYoungGen      total 38400K, used 665K [0x00000000eab00000, 0x00000000ed580000, 0x0000000100000000)
  eden space 33280K, 2% used [0x00000000eab00000,0x00000000eaba6670,0x00000000ecb80000)
  from space 5120K, 0% used [0x00000000ed080000,0x00000000ed080000,0x00000000ed580000)
  to   space 5120K, 0% used [0x00000000ecb80000,0x00000000ecb80000,0x00000000ed080000)
 ParOldGen       total 87552K, used 0K [0x00000000c0000000, 0x00000000c5580000, 0x00000000eab00000)
  object space 87552K, 0% used [0x00000000c0000000,0x00000000c0000000,0x00000000c5580000)
 Metaspace       used 771K, capacity 4480K, committed 4480K, reserved 1056768K
  class space    used 73K, capacity 384K, committed 384K, reserved 1048576K

Card table byte_map: [0x0000000011ef0000,0x0000000012100000] byte_map_base: 0x00000000118f0000

Marking Bits: (ParMarkBitMap*) 0x00000000677d9d00
 Begin Bits: [0x0000000012660000, 0x0000000013660000)
 End Bits:   [0x0000000013660000, 0x0000000014660000)

Polling page: 0x0000000002810000

CodeCache: size=245760Kb used=328Kb max_used=328Kb free=245431Kb
 bounds [0x0000000002b30000, 0x0000000002da0000, 0x0000000011b30000]
 total_blobs=57 nmethods=0 adapters=38
 compilation: enabled

Compilation events (0 events):
No events

GC Heap History (0 events):
No events

Deoptimization events (0 events):
No events

Internal exceptions (0 events):
No events

Events (10 events):
Event: 0.020 loading class java/lang/Short
Event: 0.020 loading class java/lang/Short done
Event: 0.020 loading class java/lang/Integer
Event: 0.020 loading class java/lang/Integer done
Event: 0.020 loading class java/lang/Long
Event: 0.020 loading class java/lang/Long done
Event: 0.021 loading class java/lang/NullPointerException
Event: 0.021 loading class java/lang/NullPointerException done
Event: 0.021 loading class java/lang/ArithmeticException
Event: 0.021 loading class java/lang/ArithmeticException done


Dynamic libraries:
0x00007ff749c90000 - 0x00007ff749cc5000 	D:\Android\Installation\Android\jre\bin\java.exe
0x00007ffc08230000 - 0x00007ffc083f2000 	C:\Windows\SYSTEM32\ntdll.dll
0x00007ffc061c0000 - 0x00007ffc0626d000 	C:\Windows\system32\KERNEL32.DLL
0x00007ffc056c0000 - 0x00007ffc0589d000 	C:\Windows\system32\KERNELBASE.dll
0x00007ffc07ff0000 - 0x00007ffc08096000 	C:\Windows\system32\ADVAPI32.dll
0x00007ffc080a0000 - 0x00007ffc0813d000 	C:\Windows\system32\msvcrt.dll
0x00007ffc05cf0000 - 0x00007ffc05d4b000 	C:\Windows\system32\sechost.dll
0x00007ffc07dc0000 - 0x00007ffc07ee6000 	C:\Windows\system32\RPCRT4.dll
0x00007ffc05d50000 - 0x00007ffc05e9e000 	C:\Windows\system32\USER32.dll
0x00007ffc06270000 - 0x00007ffc063f5000 	C:\Windows\system32\GDI32.dll
0x00007ffbfb730000 - 0x00007ffbfb9a4000 	C:\Windows\WinSxS\amd64_microsoft.windows.common-controls_6595b64144ccf1df_6.0.10240.16384_none_f41f7b285750ef43\COMCTL32.dll
0x00007ffc06120000 - 0x00007ffc06156000 	C:\Windows\system32\IMM32.DLL
0x00007ffc07b10000 - 0x00007ffc07c6c000 	C:\Windows\system32\MSCTF.dll
0x0000000066f40000 - 0x0000000067012000 	D:\Android\Installation\Android\jre\jre\bin\msvcr100.dll
0x0000000067020000 - 0x0000000067854000 	D:\Android\Installation\Android\jre\jre\bin\server\jvm.dll
0x00007ffc06510000 - 0x00007ffc06518000 	C:\Windows\system32\PSAPI.DLL
0x00007ffc02000000 - 0x00007ffc0200a000 	C:\Windows\SYSTEM32\VERSION.dll
0x00007ffc033d0000 - 0x00007ffc033f3000 	C:\Windows\SYSTEM32\WINMM.dll
0x00007ffbfc390000 - 0x00007ffbfc399000 	C:\Windows\SYSTEM32\WSOCK32.dll
0x00007ffc05c80000 - 0x00007ffc05ce9000 	C:\Windows\system32\WS2_32.dll
0x00007ffc08140000 - 0x00007ffc08148000 	C:\Windows\system32\NSI.dll
0x00007ffc021b0000 - 0x00007ffc021dc000 	C:\Windows\SYSTEM32\WINMMBASE.dll
0x00007ffc04d00000 - 0x00007ffc04d44000 	C:\Windows\system32\cfgmgr32.dll
0x00007ffc03530000 - 0x00007ffc03557000 	C:\Windows\SYSTEM32\DEVOBJ.dll
0x00007ffbfc400000 - 0x00007ffbfc40f000 	D:\Android\Installation\Android\jre\jre\bin\verify.dll
0x00007ffbf6690000 - 0x00007ffbf66b9000 	D:\Android\Installation\Android\jre\jre\bin\java.dll
0x00007ffbf7260000 - 0x00007ffbf7276000 	D:\Android\Installation\Android\jre\jre\bin\zip.dll

VM Arguments:
jvm_args: -Djava.awt.headless=true -Xmx1024M -Dfile.encoding=windows-1252 -Duser.country=US -Duser.language=en -Duser.variant 
java_command: com.android.dx.command.Main --dex --force-jumbo --multi-dex --output D:\Tepu\publiseyez\Publiseyez\app\build\intermediates\transforms\dex\debug\folders\1000\10\instant-run-bootstrap_3db61998463ad1aeebc4375bedfbd9f5936e6ad2 D:\Tepu\publiseyez\Publiseyez\app\build\intermediates\incremental-classes\debug\instant-run-bootstrap.jar
java_class_path (initial): D:\Android\Installation\SDK\build-tools\21.1.2\lib\dx.jar
Launcher Type: SUN_STANDARD

Environment Variables:
PATH=C:\ProgramData\Oracle\Java\javapath;C:\Windows\system32;C:\Windows;C:\Windows\System32\Wbem;C:\Windows\System32\WindowsPowerShell\v1.0\;D:\Brajveer\ThingsData\githubRoot\Git\Git\cmd
USERNAME=Vikas
OS=Windows_NT
PROCESSOR_IDENTIFIER=Intel64 Family 6 Model 69 Stepping 1, GenuineIntel



---------------  S Y S T E M  ---------------

OS: Windows 10.0 , 64 bit Build 10240 (10.0.10240.16384)

CPU:total 4 (2 cores per cpu, 2 threads per core) family 6 model 69 stepping 1, cmov, cx8, fxsr, mmx, sse, sse2, sse3, ssse3, sse4.1, sse4.2, popcnt, avx, avx2, aes, clmul, erms, lzcnt, ht, tsc, tscinvbit, bmi1, bmi2

Memory: 4k page, physical 8282476k(956908k free), swap 21344872k(6048k free)

vm_info: OpenJDK 64-Bit Server VM (25.76-b01) for windows-amd64 JRE (1.8.0_76-release-b01), built on May 12 2016 23:29:00 by "ralucas" with MS VC++ 10.0 (VS2010)

time: Thu Jun 09 02:30:52 2016
elapsed time: 0 seconds (0d 0h 0m 0s)

