#
# There is insufficient memory for the Java Runtime Environment to continue.
# Native memory allocation (malloc) failed to allocate 501104 bytes for Chunk::new
# Possible reasons:
#   The system is out of physical RAM or swap space
#   In 32 bit mode, the process size limit was hit
# Possible solutions:
#   Reduce memory load on the system
#   Increase physical memory or swap space
#   Check if swap backing store is full
#   Use 64 bit Java on a 64 bit OS
#   Decrease Java heap size (-Xmx/-Xms)
#   Decrease number of Java threads
#   Decrease Java thread stack sizes (-Xss)
#   Set larger code cache with -XX:ReservedCodeCacheSize=
# This output file may be truncated or incomplete.
#
#  Out of Memory Error (allocation.cpp:390), pid=4132, tid=0x00000000000021ec
#
# JRE version: OpenJDK Runtime Environment (8.0_76-b01) (build 1.8.0_76-release-b01)
# Java VM: OpenJDK 64-Bit Server VM (25.76-b01 mixed mode windows-amd64 compressed oops)
# Failed to write core dump. Minidumps are not enabled by default on client versions of Windows
#

---------------  T H R E A D  ---------------

Current thread (0x0000000015260000):  JavaThread "C2 CompilerThread1" daemon [_thread_in_native, id=8684, stack(0x00000000169b0000,0x0000000016ab0000)]

Stack: [0x00000000169b0000,0x0000000016ab0000]
[error occurred during error reporting (printing stack bounds), id 0xc0000005]

Native frames: (J=compiled Java code, j=interpreted, Vv=VM code, C=native code)


Current CompileTask:
C2:   2168 1400   !   4       com.android.dx.cf.cst.ConstantPoolParser::parse0 (731 bytes)


---------------  P R O C E S S  ---------------

Java Threads: ( => current thread )
  0x0000000016be1800 JavaThread "Service Thread" daemon [_thread_blocked, id=5820, stack(0x0000000016fb0000,0x00000000170b0000)]
  0x0000000015267000 JavaThread "C1 CompilerThread2" daemon [_thread_in_native, id=10976, stack(0x0000000016ab0000,0x0000000016bb0000)]
=>0x0000000015260000 JavaThread "C2 CompilerThread1" daemon [_thread_in_native, id=8684, stack(0x00000000169b0000,0x0000000016ab0000)]
  0x000000001525c000 JavaThread "C2 CompilerThread0" daemon [_thread_in_native, id=5608, stack(0x00000000168b0000,0x00000000169b0000)]
  0x0000000015259800 JavaThread "Attach Listener" daemon [_thread_blocked, id=7132, stack(0x00000000167b0000,0x00000000168b0000)]
  0x0000000015259000 JavaThread "Signal Dispatcher" daemon [_thread_blocked, id=952, stack(0x00000000166b0000,0x00000000167b0000)]
  0x0000000015248000 JavaThread "Finalizer" daemon [_thread_blocked, id=10676, stack(0x00000000164d0000,0x00000000165d0000)]
  0x0000000002b7f000 JavaThread "Reference Handler" daemon [_thread_blocked, id=12564, stack(0x00000000163d0000,0x00000000164d0000)]
  0x0000000002a90800 JavaThread "main" [_thread_in_Java, id=7652, stack(0x0000000002990000,0x0000000002a90000)]

Other Threads:
  0x0000000015225000 VMThread [stack: 0x00000000162d0000,0x00000000163d0000] [id=8884]
  0x00000000152bd000 WatcherThread [stack: 0x00000000170b0000,0x00000000171b0000] [id=3684]

VM state:not at safepoint (normal execution)

VM Mutex/Monitor currently owned by a thread:  ([mutex/lock_event])
[0x00000000028fb280] CodeCache_lock - owner thread: 0x0000000015267000

Heap:
 PSYoungGen      total 71680K, used 49176K [0x00000000eab00000, 0x00000000f3700000, 0x0000000100000000)
  eden space 66560K, 66% used [0x00000000eab00000,0x00000000ed607300,0x00000000eec00000)
  from space 5120K, 99% used [0x00000000eec00000,0x00000000ef0fef38,0x00000000ef100000)
  to   space 5120K, 0% used [0x00000000f3200000,0x00000000f3200000,0x00000000f3700000)
 ParOldGen       total 87552K, used 26237K [0x00000000c0000000, 0x00000000c5580000, 0x00000000eab00000)
  object space 87552K, 29% used [0x00000000c0000000,0x00000000c199f550,0x00000000c5580000)
 Metaspace       used 5488K, capacity 6960K, committed 7040K, reserved 1056768K
  class space    used 521K, capacity 616K, committed 640K, reserved 1048576K

Card table byte_map: [0x0000000011f50000,0x0000000012160000] byte_map_base: 0x0000000011950000

Marking Bits: (ParMarkBitMap*) 0x00000000677d9d00
 Begin Bits: [0x00000000126c0000, 0x00000000136c0000)
 End Bits:   [0x00000000136c0000, 0x00000000146c0000)

Polling page: 0x00000000028b0000

CodeCache: size=245760Kb used=6042Kb max_used=6042Kb free=239717Kb
 bounds [0x0000000002b90000, 0x0000000003180000, 0x0000000011b90000]
 total_blobs=1663 nmethods=1406 adapters=171
 compilation: enabled

Compilation events (10 events):
Event: 2.092 Thread 0x0000000015267000 1461       2       com.android.dx.ssa.Optimizer::getAdvice (4 bytes)
Event: 2.093 Thread 0x0000000015267000 nmethod 1461 0x0000000003158790 code [0x00000000031588e0, 0x0000000003158a10]
Event: 2.094 Thread 0x0000000015267000 1462       2       com.android.dx.ssa.back.FirstFitLocalCombiningAllocator::isEven (12 bytes)
Event: 2.094 Thread 0x0000000015267000 nmethod 1462 0x0000000003158a90 code [0x0000000003158be0, 0x0000000003158d30]
Event: 2.094 Thread 0x0000000015267000 1463       2       com.android.dx.dex.code.RopTranslator$TranslationVisitor::addOutputSuffix (9 bytes)
Event: 2.095 Thread 0x0000000015267000 nmethod 1463 0x0000000003158dd0 code [0x0000000003158f40, 0x00000000031591c8]
Event: 2.095 Thread 0x0000000015267000 1464       2       com.android.dx.dex.code.OutputCollector::addSuffix (10 bytes)
Event: 2.095 Thread 0x0000000015267000 nmethod 1464 0x0000000003159410 code [0x0000000003159580, 0x0000000003159808]
Event: 2.097 Thread 0x0000000015267000 1465       2       com.android.dx.cf.attrib.RawAttribute::byteLength (11 bytes)
Event: 2.097 Thread 0x0000000015267000 nmethod 1465 0x0000000003159a50 code [0x0000000003159ba0, 0x0000000003159cf0]

GC Heap History (6 events):
Event: 0.805 GC heap before
{Heap before GC invocations=1 (full 0):
 PSYoungGen      total 38400K, used 33280K [0x00000000eab00000, 0x00000000ed580000, 0x0000000100000000)
  eden space 33280K, 100% used [0x00000000eab00000,0x00000000ecb80000,0x00000000ecb80000)
  from space 5120K, 0% used [0x00000000ed080000,0x00000000ed080000,0x00000000ed580000)
  to   space 5120K, 0% used [0x00000000ecb80000,0x00000000ecb80000,0x00000000ed080000)
 ParOldGen       total 87552K, used 0K [0x00000000c0000000, 0x00000000c5580000, 0x00000000eab00000)
  object space 87552K, 0% used [0x00000000c0000000,0x00000000c0000000,0x00000000c5580000)
 Metaspace       used 5287K, capacity 6768K, committed 7040K, reserved 1056768K
  class space    used 521K, capacity 616K, committed 640K, reserved 1048576K
Event: 0.822 GC heap after
Heap after GC invocations=1 (full 0):
 PSYoungGen      total 38400K, used 5108K [0x00000000eab00000, 0x00000000ef600000, 0x0000000100000000)
  eden space 33280K, 0% used [0x00000000eab00000,0x00000000eab00000,0x00000000ecb80000)
  from space 5120K, 99% used [0x00000000ecb80000,0x00000000ed07d0a0,0x00000000ed080000)
  to   space 5120K, 0% used [0x00000000ef100000,0x00000000ef100000,0x00000000ef600000)
 ParOldGen       total 87552K, used 5161K [0x00000000c0000000, 0x00000000c5580000, 0x00000000eab00000)
  object space 87552K, 5% used [0x00000000c0000000,0x00000000c050a570,0x00000000c5580000)
 Metaspace       used 5287K, capacity 6768K, committed 7040K, reserved 1056768K
  class space    used 521K, capacity 616K, committed 640K, reserved 1048576K
}
Event: 1.158 GC heap before
{Heap before GC invocations=2 (full 0):
 PSYoungGen      total 38400K, used 38388K [0x00000000eab00000, 0x00000000ef600000, 0x0000000100000000)
  eden space 33280K, 100% used [0x00000000eab00000,0x00000000ecb80000,0x00000000ecb80000)
  from space 5120K, 99% used [0x00000000ecb80000,0x00000000ed07d0a0,0x00000000ed080000)
  to   space 5120K, 0% used [0x00000000ef100000,0x00000000ef100000,0x00000000ef600000)
 ParOldGen       total 87552K, used 5161K [0x00000000c0000000, 0x00000000c5580000, 0x00000000eab00000)
  object space 87552K, 5% used [0x00000000c0000000,0x00000000c050a570,0x00000000c5580000)
 Metaspace       used 5343K, capacity 6832K, committed 7040K, reserved 1056768K
  class space    used 521K, capacity 616K, committed 640K, reserved 1048576K
Event: 1.175 GC heap after
Heap after GC invocations=2 (full 0):
 PSYoungGen      total 71680K, used 5090K [0x00000000eab00000, 0x00000000ef600000, 0x0000000100000000)
  eden space 66560K, 0% used [0x00000000eab00000,0x00000000eab00000,0x00000000eec00000)
  from space 5120K, 99% used [0x00000000ef100000,0x00000000ef5f8a20,0x00000000ef600000)
  to   space 5120K, 0% used [0x00000000eec00000,0x00000000eec00000,0x00000000ef100000)
 ParOldGen       total 87552K, used 16060K [0x00000000c0000000, 0x00000000c5580000, 0x00000000eab00000)
  object space 87552K, 18% used [0x00000000c0000000,0x00000000c0faf168,0x00000000c5580000)
 Metaspace       used 5343K, capacity 6832K, committed 7040K, reserved 1056768K
  class space    used 521K, capacity 616K, committed 640K, reserved 1048576K
}
Event: 1.810 GC heap before
{Heap before GC invocations=3 (full 0):
 PSYoungGen      total 71680K, used 71650K [0x00000000eab00000, 0x00000000ef600000, 0x0000000100000000)
  eden space 66560K, 100% used [0x00000000eab00000,0x00000000eec00000,0x00000000eec00000)
  from space 5120K, 99% used [0x00000000ef100000,0x00000000ef5f8a20,0x00000000ef600000)
  to   space 5120K, 0% used [0x00000000eec00000,0x00000000eec00000,0x00000000ef100000)
 ParOldGen       total 87552K, used 16060K [0x00000000c0000000, 0x00000000c5580000, 0x00000000eab00000)
  object space 87552K, 18% used [0x00000000c0000000,0x00000000c0faf168,0x00000000c5580000)
 Metaspace       used 5439K, capacity 6896K, committed 7040K, reserved 1056768K
  class space    used 521K, capacity 616K, committed 640K, reserved 1048576K
Event: 1.838 GC heap after
Heap after GC invocations=3 (full 0):
 PSYoungGen      total 71680K, used 5115K [0x00000000eab00000, 0x00000000f3700000, 0x0000000100000000)
  eden space 66560K, 0% used [0x00000000eab00000,0x00000000eab00000,0x00000000eec00000)
  from space 5120K, 99% used [0x00000000eec00000,0x00000000ef0fef38,0x00000000ef100000)
  to   space 5120K, 0% used [0x00000000f3200000,0x00000000f3200000,0x00000000f3700000)
 ParOldGen       total 87552K, used 26237K [0x00000000c0000000, 0x00000000c5580000, 0x00000000eab00000)
  object space 87552K, 29% used [0x00000000c0000000,0x00000000c199f550,0x00000000c5580000)
 Metaspace       used 5439K, capacity 6896K, committed 7040K, reserved 1056768K
  class space    used 521K, capacity 616K, committed 640K, reserved 1048576K
}

Deoptimization events (10 events):
Event: 0.869 Thread 0x0000000002a90800 Uncommon trap: reason=class_check action=maybe_recompile pc=0x0000000002ed750c method=com.android.dx.ssa.NormalSsaInsn.accept(Lcom/android/dx/ssa/SsaInsn$Visitor;)V @ 9
Event: 0.870 Thread 0x0000000002a90800 Uncommon trap: reason=class_check action=maybe_recompile pc=0x0000000002ed750c method=com.android.dx.ssa.NormalSsaInsn.accept(Lcom/android/dx/ssa/SsaInsn$Visitor;)V @ 9
Event: 0.870 Thread 0x0000000002a90800 Uncommon trap: reason=class_check action=maybe_recompile pc=0x0000000002ed750c method=com.android.dx.ssa.NormalSsaInsn.accept(Lcom/android/dx/ssa/SsaInsn$Visitor;)V @ 9
Event: 0.870 Thread 0x0000000002a90800 Uncommon trap: reason=class_check action=maybe_recompile pc=0x0000000002e54ce4 method=com.android.dx.ssa.NormalSsaInsn.accept(Lcom/android/dx/ssa/SsaInsn$Visitor;)V @ 9
Event: 0.986 Thread 0x0000000002a90800 Uncommon trap: reason=unstable_if action=reinterpret pc=0x0000000002e8ab80 method=com.android.dx.rop.code.RegisterSpecSet.put(Lcom/android/dx/rop/code/RegisterSpec;)V @ 77
Event: 1.859 Thread 0x0000000002a90800 Uncommon trap: reason=bimorphic action=maybe_recompile pc=0x000000000300d288 method=com.android.dx.cf.code.BytecodeArray.parseInstruction(ILcom/android/dx/cf/code/BytecodeArray$Visitor;)I @ 1130
Event: 1.859 Thread 0x0000000002a90800 Uncommon trap: reason=bimorphic action=maybe_recompile pc=0x000000000300cf74 method=com.android.dx.cf.code.BytecodeArray.parseInstruction(ILcom/android/dx/cf/code/BytecodeArray$Visitor;)I @ 907
Event: 1.859 Thread 0x0000000002a90800 Uncommon trap: reason=bimorphic action=maybe_recompile pc=0x000000000300d3d0 method=com.android.dx.cf.code.BytecodeArray.parseInstruction(ILcom/android/dx/cf/code/BytecodeArray$Visitor;)I @ 1224
Event: 1.859 Thread 0x0000000002a90800 Uncommon trap: reason=bimorphic action=maybe_recompile pc=0x000000000300cff4 method=com.android.dx.cf.code.BytecodeArray.parseInstruction(ILcom/android/dx/cf/code/BytecodeArray$Visitor;)I @ 923
Event: 1.859 Thread 0x0000000002a90800 Uncommon trap: reason=bimorphic action=maybe_recompile pc=0x000000000300d3d0 method=com.android.dx.cf.code.BytecodeArray.parseInstruction(ILcom/android/dx/cf/code/BytecodeArray$Visitor;)I @ 1224

Internal exceptions (3 events):
Event: 0.024 Thread 0x0000000002a90800 Exception <a 'java/lang/NoSuchMethodError': Method sun.misc.Unsafe.defineClass(Ljava/lang/String;[BII)Ljava/lang/Class; name or signature does not match> (0x00000000eab07cc0) thrown at [C:\src\android\AOSP-openjdk\external\jetbrains\jdk\hotspot\src\share\vä.QÍ¸wò?
Event: 0.024 Thread 0x0000000002a90800 Exception <a 'java/lang/NoSuchMethodError': Method sun.misc.Unsafe.prefetchRead(Ljava/lang/Object;J)V name or signature does not match> (0x00000000eab07fa8) thrown at [C:\src\android\AOSP-openjdk\external\jetbrains\jdk\hotspot\src\share\vm\prims\jni.cpp, lë6MM!‹„?
Event: 0.621 Thread 0x0000000002a90800 Implicit null exception at 0x0000000002ec97e2 to 0x0000000002ec98da

Events (10 events):
Event: 2.051 Thread 0x0000000002a90800 DEOPT PACKING pc=0x0000000002e756b8 sp=0x0000000002a8e180
Event: 2.051 Thread 0x0000000002a90800 DEOPT UNPACKING pc=0x0000000002bd75bf sp=0x0000000002a8dea8 mode 0
Event: 2.052 Thread 0x0000000002a90800 DEOPT PACKING pc=0x0000000002e756b8 sp=0x0000000002a8e180
Event: 2.052 Thread 0x0000000002a90800 DEOPT UNPACKING pc=0x0000000002bd75bf sp=0x0000000002a8dea8 mode 0
Event: 2.054 Thread 0x0000000002a90800 DEOPT PACKING pc=0x0000000002e756b8 sp=0x0000000002a8e390
Event: 2.054 Thread 0x0000000002a90800 DEOPT UNPACKING pc=0x0000000002bd75bf sp=0x0000000002a8e0b8 mode 0
Event: 2.054 Thread 0x0000000002a90800 DEOPT PACKING pc=0x0000000002e756b8 sp=0x0000000002a8e390
Event: 2.054 Thread 0x0000000002a90800 DEOPT UNPACKING pc=0x0000000002bd75bf sp=0x0000000002a8e0b8 mode 0
Event: 2.070 Thread 0x0000000002a90800 DEOPT PACKING pc=0x0000000002fc983a sp=0x0000000002a8e690
Event: 2.070 Thread 0x0000000002a90800 DEOPT UNPACKING pc=0x0000000002bd75bf sp=0x0000000002a8e3f8 mode 0


Dynamic libraries:
0x00007ff749c90000 - 0x00007ff749cc5000 	D:\Android\Installation\Android\jre\bin\java.exe
0x00007ffc08230000 - 0x00007ffc083f2000 	C:\Windows\SYSTEM32\ntdll.dll
0x00007ffc061c0000 - 0x00007ffc0626d000 	C:\Windows\system32\KERNEL32.DLL
0x00007ffc056c0000 - 0x00007ffc0589d000 	C:\Windows\system32\KERNELBASE.dll
0x00007ffc07ff0000 - 0x00007ffc08096000 	C:\Windows\system32\ADVAPI32.dll
0x00007ffc080a0000 - 0x00007ffc0813d000 	C:\Windows\system32\msvcrt.dll
0x00007ffc05cf0000 - 0x00007ffc05d4b000 	C:\Windows\system32\sechost.dll
0x00007ffc07dc0000 - 0x00007ffc07ee6000 	C:\Windows\system32\RPCRT4.dll
0x00007ffc05d50000 - 0x00007ffc05e9e000 	C:\Windows\system32\USER32.dll
0x00007ffc06270000 - 0x00007ffc063f5000 	C:\Windows\system32\GDI32.dll
0x00007ffbfb730000 - 0x00007ffbfb9a4000 	C:\Windows\WinSxS\amd64_microsoft.windows.common-controls_6595b64144ccf1df_6.0.10240.16384_none_f41f7b285750ef43\COMCTL32.dll
0x00007ffc06120000 - 0x00007ffc06156000 	C:\Windows\system32\IMM32.DLL
0x00007ffc07b10000 - 0x00007ffc07c6c000 	C:\Windows\system32\MSCTF.dll
0x0000000066f40000 - 0x0000000067012000 	D:\Android\Installation\Android\jre\jre\bin\msvcr100.dll
0x0000000067020000 - 0x0000000067854000 	D:\Android\Installation\Android\jre\jre\bin\server\jvm.dll
0x00007ffc06510000 - 0x00007ffc06518000 	C:\Windows\system32\PSAPI.DLL
0x00007ffc033d0000 - 0x00007ffc033f3000 	C:\Windows\SYSTEM32\WINMM.dll
0x00007ffc02000000 - 0x00007ffc0200a000 	C:\Windows\SYSTEM32\VERSION.dll
0x00007ffbfc390000 - 0x00007ffbfc399000 	C:\Windows\SYSTEM32\WSOCK32.dll
0x00007ffc05c80000 - 0x00007ffc05ce9000 	C:\Windows\system32\WS2_32.dll
0x00007ffc08140000 - 0x00007ffc08148000 	C:\Windows\system32\NSI.dll
0x00007ffc021b0000 - 0x00007ffc021dc000 	C:\Windows\SYSTEM32\WINMMBASE.dll
0x00007ffc04d00000 - 0x00007ffc04d44000 	C:\Windows\system32\cfgmgr32.dll
0x00007ffc03530000 - 0x00007ffc03557000 	C:\Windows\SYSTEM32\DEVOBJ.dll
0x00007ffbfc400000 - 0x00007ffbfc40f000 	D:\Android\Installation\Android\jre\jre\bin\verify.dll
0x00007ffbf6690000 - 0x00007ffbf66b9000 	D:\Android\Installation\Android\jre\jre\bin\java.dll
0x00007ffbf7260000 - 0x00007ffbf7276000 	D:\Android\Installation\Android\jre\jre\bin\zip.dll
0x00007ffc065e0000 - 0x00007ffc07b05000 	C:\Windows\system32\SHELL32.dll
0x00007ffc05090000 - 0x00007ffc056b8000 	C:\Windows\system32\windows.storage.dll
0x00007ffc05ea0000 - 0x00007ffc0611c000 	C:\Windows\system32\combase.dll
0x00007ffc064b0000 - 0x00007ffc06501000 	C:\Windows\system32\shlwapi.dll
0x00007ffc04c80000 - 0x00007ffc04c8f000 	C:\Windows\system32\kernel.appcore.dll
0x00007ffc04fd0000 - 0x00007ffc05083000 	C:\Windows\system32\shcore.dll
0x00007ffc04c90000 - 0x00007ffc04cda000 	C:\Windows\system32\powrprof.dll
0x00007ffc04c60000 - 0x00007ffc04c73000 	C:\Windows\system32\profapi.dll

VM Arguments:
jvm_args: -Djava.awt.headless=true -Xmx1024M -Dfile.encoding=windows-1252 -Duser.country=US -Duser.language=en -Duser.variant 
java_command: com.android.dx.command.Main --dex --force-jumbo --multi-dex --output D:\Tepu\publiseyez\Publiseyez\app\build\intermediates\transforms\dex\debug\folders\1000\5\slice_0 D:\Tepu\publiseyez\Publiseyez\app\build\intermediates\transforms\instantRunSlicer\debug\folders\1\5\slice_0
java_class_path (initial): D:\Android\Installation\SDK\build-tools\21.1.2\lib\dx.jar
Launcher Type: SUN_STANDARD

Environment Variables:
PATH=C:\ProgramData\Oracle\Java\javapath;C:\Windows\system32;C:\Windows;C:\Windows\System32\Wbem;C:\Windows\System32\WindowsPowerShell\v1.0\;D:\Brajveer\ThingsData\githubRoot\Git\Git\cmd
USERNAME=Vikas
OS=Windows_NT
PROCESSOR_IDENTIFIER=Intel64 Family 6 Model 69 Stepping 1, GenuineIntel



---------------  S Y S T E M  ---------------

OS: Windows 10.0 , 64 bit Build 10240 (10.0.10240.16384)

CPU:total 4 (2 cores per cpu, 2 threads per core) family 6 model 69 stepping 1, cmov, cx8, fxsr, mmx, sse, sse2, sse3, ssse3, sse4.1, sse4.2, popcnt, avx, avx2, aes, clmul, erms, lzcnt, ht, tsc, tscinvbit, bmi1, bmi2

Memory: 4k page, physical 8282476k(880436k free), swap 21344872k(51268k free)

vm_info: OpenJDK 64-Bit Server VM (25.76-b01) for windows-amd64 JRE (1.8.0_76-release-b01), built on May 12 2016 23:29:00 by "ralucas" with MS VC++ 10.0 (VS2010)

time: Thu Jun 09 02:29:32 2016
elapsed time: 2 seconds (0d 0h 0m 2s)

